Collecting files .. OK
Initializing parser .. OK
Parsing files
Parsing /var/www/html/phpunit_study/unittest/app/src/Bar.php
  No summary for class \UnitTest\App\Bar
  No summary for method getStatus()
  No summary for method merge()
Parsing /var/www/html/phpunit_study/unittest/app/src/Baz.php
  No summary for class \UnitTest\App\Baz
  Argument $foo is missing from the Docblock of __construct
  Argument $bar is missing from the Docblock of __construct
  No summary for method __construct()
  No summary for method processFoo()
  No summary for method mergeBar()
  No summary for property $foo
  No summary for property $bar
Parsing /var/www/html/phpunit_study/unittest/app/src/Foo.php
  No summary for class \UnitTest\App\Foo
  No summary for method process()
  Argument $env is missing from the Docblock of bar
  No summary for method bar()
  Argument $env is missing from the Docblock of bar2
  No summary for method bar2()
  No summary for method hoge_hoge()
  No summary for property $message
Storing cache in "/var/www/html/phpunit_study/unittest/build/api" .. OK
Load cache                                                         ..    0.028s
Preparing template "clean"                                         ..    0.084s
Preparing 17 transformations                                       ..    0.000s
Build "elements" index                                             ..    0.000s
Replace textual FQCNs with object aliases                          ..    0.002s
Resolve @link and @see tags in descriptions                        ..    0.000s
Enriches inline example tags with their sources                    ..    0.000s
Build "packages" index                                             ..    0.024s
Build "namespaces" index and add namespaces to "elements"          ..    0.000s
Collect all markers embedded in tags                               ..    0.000s
Transform analyzed project into artifacts                          .. 
Applying 17 transformations
  Initialize writer "phpDocumentor\Plugin\Core\Transformer\Writer\FileIo"
  Initialize writer "phpDocumentor\Plugin\Twig\Writer\Twig"
  Initialize writer "phpDocumentor\Plugin\Graphs\Writer\Graph"
  Execute transformation using writer "FileIo"
  Execute transformation using writer "FileIo"
  Execute transformation using writer "FileIo"
  Execute transformation using writer "FileIo"
  Execute transformation using writer "FileIo"
  Execute transformation using writer "twig"
  Execute transformation using writer "twig"
  Execute transformation using writer "twig"
  Execute transformation using writer "twig"
  Execute transformation using writer "twig"
  Execute transformation using writer "twig"
  Execute transformation using writer "twig"
  Execute transformation using writer "twig"
  Execute transformation using writer "twig"
  Execute transformation using writer "twig"
  Execute transformation using writer "twig"
  Execute transformation using writer "Graph"
Unable to find the `dot` command of the GraphViz package. Is GraphViz correctly installed and present in your path?   3.636s
Analyze results and write report to log                            ..    0.000s
